2025/04/06 10:01:35 [emerg] 1#1: host not found in upstream "frontend" in /etc/nginx/conf.d/default.conf:9
2025/04/06 10:01:41 [emerg] 1#1: host not found in upstream "frontend" in /etc/nginx/conf.d/default.conf:9
2025/04/06 10:01:48 [emerg] 1#1: host not found in upstream "frontend" in /etc/nginx/conf.d/default.conf:9
2025/04/06 10:01:55 [emerg] 1#1: host not found in upstream "frontend" in /etc/nginx/conf.d/default.conf:9
2025/04/06 10:02:01 [emerg] 1#1: host not found in upstream "frontend" in /etc/nginx/conf.d/default.conf:9
2025/04/06 10:02:08 [emerg] 1#1: host not found in upstream "frontend" in /etc/nginx/conf.d/default.conf:9
2025/04/06 10:02:15 [emerg] 1#1: host not found in upstream "frontend" in /etc/nginx/conf.d/default.conf:9
2025/04/06 10:02:26 [emerg] 1#1: host not found in upstream "frontend" in /etc/nginx/conf.d/default.conf:9
2025/04/06 10:02:43 [emerg] 1#1: host not found in upstream "frontend" in /etc/nginx/conf.d/default.conf:9
2025/04/06 10:03:13 [emerg] 1#1: host not found in upstream "frontend" in /etc/nginx/conf.d/default.conf:9
2025/04/06 10:04:08 [emerg] 1#1: host not found in upstream "frontend" in /etc/nginx/conf.d/default.conf:9
2025/04/06 10:05:13 [emerg] 1#1: host not found in upstream "frontend" in /etc/nginx/conf.d/default.conf:9
2025/04/06 10:06:17 [emerg] 1#1: host not found in upstream "frontend" in /etc/nginx/conf.d/default.conf:9
2025/04/06 10:07:21 [emerg] 1#1: host not found in upstream "frontend" in /etc/nginx/conf.d/default.conf:9
2025/04/06 10:08:25 [emerg] 1#1: host not found in upstream "frontend" in /etc/nginx/conf.d/default.conf:9
2025/04/06 10:09:29 [emerg] 1#1: host not found in upstream "frontend" in /etc/nginx/conf.d/default.conf:9
2025/04/06 10:10:34 [emerg] 1#1: host not found in upstream "frontend" in /etc/nginx/conf.d/default.conf:9
2025/04/06 10:11:38 [emerg] 1#1: host not found in upstream "frontend" in /etc/nginx/conf.d/default.conf:9
2025/04/06 10:12:42 [emerg] 1#1: host not found in upstream "frontend" in /etc/nginx/conf.d/default.conf:9
2025/04/06 10:13:46 [emerg] 1#1: host not found in upstream "frontend" in /etc/nginx/conf.d/default.conf:9
2025/04/06 10:14:50 [emerg] 1#1: host not found in upstream "frontend" in /etc/nginx/conf.d/default.conf:9
2025/04/06 10:15:55 [emerg] 1#1: host not found in upstream "frontend" in /etc/nginx/conf.d/default.conf:9
2025/04/06 10:16:59 [emerg] 1#1: host not found in upstream "frontend" in /etc/nginx/conf.d/default.conf:9
2025/04/06 10:18:03 [emerg] 1#1: host not found in upstream "frontend" in /etc/nginx/conf.d/default.conf:9
2025/04/06 10:19:07 [emerg] 1#1: host not found in upstream "frontend" in /etc/nginx/conf.d/default.conf:9
2025/04/06 10:20:11 [emerg] 1#1: host not found in upstream "frontend" in /etc/nginx/conf.d/default.conf:9
2025/04/06 10:21:16 [emerg] 1#1: host not found in upstream "frontend" in /etc/nginx/conf.d/default.conf:9
2025/04/06 10:22:20 [emerg] 1#1: host not found in upstream "frontend" in /etc/nginx/conf.d/default.conf:9
2025/04/06 10:23:24 [emerg] 1#1: host not found in upstream "frontend" in /etc/nginx/conf.d/default.conf:9
2025/04/06 10:24:28 [emerg] 1#1: host not found in upstream "frontend" in /etc/nginx/conf.d/default.conf:9
2025/04/06 10:25:33 [emerg] 1#1: host not found in upstream "frontend" in /etc/nginx/conf.d/default.conf:9
2025/04/06 10:26:37 [emerg] 1#1: host not found in upstream "frontend" in /etc/nginx/conf.d/default.conf:9
2025/04/06 10:27:41 [emerg] 1#1: host not found in upstream "frontend" in /etc/nginx/conf.d/default.conf:9
2025/04/06 10:28:45 [emerg] 1#1: host not found in upstream "frontend" in /etc/nginx/conf.d/default.conf:9
2025/04/06 10:29:49 [emerg] 1#1: host not found in upstream "frontend" in /etc/nginx/conf.d/default.conf:9
2025/04/06 10:30:54 [emerg] 1#1: host not found in upstream "frontend" in /etc/nginx/conf.d/default.conf:9
2025/04/06 10:31:58 [emerg] 1#1: host not found in upstream "frontend" in /etc/nginx/conf.d/default.conf:9
2025/04/06 10:33:02 [emerg] 1#1: host not found in upstream "frontend" in /etc/nginx/conf.d/default.conf:9
2025/04/06 10:34:06 [emerg] 1#1: host not found in upstream "frontend" in /etc/nginx/conf.d/default.conf:9
2025/04/06 10:35:10 [emerg] 1#1: host not found in upstream "frontend" in /etc/nginx/conf.d/default.conf:9
2025/04/06 10:36:15 [emerg] 1#1: host not found in upstream "frontend" in /etc/nginx/conf.d/default.conf:9
2025/04/06 10:37:19 [emerg] 1#1: host not found in upstream "frontend" in /etc/nginx/conf.d/default.conf:9
2025/04/06 10:38:23 [emerg] 1#1: host not found in upstream "frontend" in /etc/nginx/conf.d/default.conf:9
2025/04/06 10:39:27 [emerg] 1#1: host not found in upstream "frontend" in /etc/nginx/conf.d/default.conf:9
2025/04/06 10:40:32 [emerg] 1#1: host not found in upstream "frontend" in /etc/nginx/conf.d/default.conf:9
2025/04/06 10:41:36 [emerg] 1#1: host not found in upstream "frontend" in /etc/nginx/conf.d/default.conf:9
2025/04/06 10:42:40 [emerg] 1#1: host not found in upstream "frontend" in /etc/nginx/conf.d/default.conf:9
2025/04/06 10:43:44 [emerg] 1#1: host not found in upstream "frontend" in /etc/nginx/conf.d/default.conf:9
2025/04/06 10:44:48 [emerg] 1#1: host not found in upstream "frontend" in /etc/nginx/conf.d/default.conf:9
2025/04/06 10:45:53 [emerg] 1#1: host not found in upstream "frontend" in /etc/nginx/conf.d/default.conf:9
2025/04/06 10:46:57 [emerg] 1#1: host not found in upstream "frontend" in /etc/nginx/conf.d/default.conf:9
2025/04/06 10:48:01 [emerg] 1#1: host not found in upstream "frontend" in /etc/nginx/conf.d/default.conf:9
2025/04/06 10:49:05 [emerg] 1#1: host not found in upstream "frontend" in /etc/nginx/conf.d/default.conf:9
2025/04/06 10:50:09 [emerg] 1#1: host not found in upstream "frontend" in /etc/nginx/conf.d/default.conf:9
2025/04/06 10:51:14 [emerg] 1#1: host not found in upstream "frontend" in /etc/nginx/conf.d/default.conf:9
2025/04/06 10:52:18 [emerg] 1#1: host not found in upstream "frontend" in /etc/nginx/conf.d/default.conf:9
2025/04/06 10:53:22 [emerg] 1#1: host not found in upstream "frontend" in /etc/nginx/conf.d/default.conf:9
2025/04/06 10:54:26 [emerg] 1#1: host not found in upstream "frontend" in /etc/nginx/conf.d/default.conf:9
2025/04/06 10:55:30 [emerg] 1#1: host not found in upstream "frontend" in /etc/nginx/conf.d/default.conf:9
2025/04/06 10:56:35 [emerg] 1#1: host not found in upstream "frontend" in /etc/nginx/conf.d/default.conf:9
2025/04/06 10:57:39 [emerg] 1#1: host not found in upstream "frontend" in /etc/nginx/conf.d/default.conf:9
2025/04/06 10:58:43 [emerg] 1#1: host not found in upstream "frontend" in /etc/nginx/conf.d/default.conf:9
2025/04/06 10:59:47 [emerg] 1#1: host not found in upstream "frontend" in /etc/nginx/conf.d/default.conf:9
2025/04/06 11:00:51 [emerg] 1#1: host not found in upstream "frontend" in /etc/nginx/conf.d/default.conf:9
2025/04/06 11:01:57 [emerg] 1#1: host not found in upstream "frontend" in /etc/nginx/conf.d/default.conf:9
2025/04/06 11:03:01 [emerg] 1#1: host not found in upstream "frontend" in /etc/nginx/conf.d/default.conf:9
2025/04/06 11:04:05 [emerg] 1#1: host not found in upstream "frontend" in /etc/nginx/conf.d/default.conf:9
2025/04/06 11:05:09 [emerg] 1#1: host not found in upstream "frontend" in /etc/nginx/conf.d/default.conf:9
2025/04/06 11:06:13 [emerg] 1#1: host not found in upstream "frontend" in /etc/nginx/conf.d/default.conf:9
2025/04/06 11:07:18 [emerg] 1#1: host not found in upstream "frontend" in /etc/nginx/conf.d/default.conf:9
2025/04/06 11:08:22 [emerg] 1#1: host not found in upstream "frontend" in /etc/nginx/conf.d/default.conf:9
2025/04/06 11:09:26 [emerg] 1#1: host not found in upstream "frontend" in /etc/nginx/conf.d/default.conf:9
2025/04/06 11:10:30 [emerg] 1#1: host not found in upstream "frontend" in /etc/nginx/conf.d/default.conf:9
2025/04/06 11:11:35 [emerg] 1#1: host not found in upstream "frontend" in /etc/nginx/conf.d/default.conf:9
2025/04/06 11:12:40 [emerg] 1#1: host not found in upstream "frontend" in /etc/nginx/conf.d/default.conf:9
2025/04/06 11:13:44 [emerg] 1#1: host not found in upstream "frontend" in /etc/nginx/conf.d/default.conf:9
2025/04/06 11:14:48 [emerg] 1#1: host not found in upstream "frontend" in /etc/nginx/conf.d/default.conf:9
2025/04/06 11:16:11 [emerg] 1#1: host not found in upstream "frontend" in /etc/nginx/conf.d/default.conf:9
2025/04/06 11:16:18 [emerg] 1#1: host not found in upstream "frontend" in /etc/nginx/conf.d/default.conf:9
2025/04/06 11:16:24 [emerg] 1#1: host not found in upstream "frontend" in /etc/nginx/conf.d/default.conf:9
2025/04/06 11:16:31 [emerg] 1#1: host not found in upstream "frontend" in /etc/nginx/conf.d/default.conf:9
2025/04/06 11:16:37 [emerg] 1#1: host not found in upstream "frontend" in /etc/nginx/conf.d/default.conf:9
2025/04/06 11:16:44 [emerg] 1#1: host not found in upstream "frontend" in /etc/nginx/conf.d/default.conf:9
2025/04/06 11:16:51 [emerg] 1#1: host not found in upstream "frontend" in /etc/nginx/conf.d/default.conf:9
2025/04/06 11:17:02 [emerg] 1#1: host not found in upstream "frontend" in /etc/nginx/conf.d/default.conf:9
2025/04/06 11:17:19 [emerg] 1#1: host not found in upstream "frontend" in /etc/nginx/conf.d/default.conf:9
2025/04/06 11:17:49 [emerg] 1#1: host not found in upstream "frontend" in /etc/nginx/conf.d/default.conf:9
2025/04/06 11:18:44 [emerg] 1#1: host not found in upstream "frontend" in /etc/nginx/conf.d/default.conf:9
2025/04/06 11:19:48 [emerg] 1#1: host not found in upstream "frontend" in /etc/nginx/conf.d/default.conf:9
2025/04/06 11:20:52 [emerg] 1#1: host not found in upstream "frontend" in /etc/nginx/conf.d/default.conf:9
2025/04/06 11:21:57 [emerg] 1#1: host not found in upstream "frontend" in /etc/nginx/conf.d/default.conf:9
2025/04/06 11:36:09 [emerg] 1#1: host not found in upstream "frontend" in /etc/nginx/conf.d/default.conf:9
2025/04/06 11:36:16 [emerg] 1#1: host not found in upstream "frontend" in /etc/nginx/conf.d/default.conf:9
2025/04/06 11:36:22 [emerg] 1#1: host not found in upstream "frontend" in /etc/nginx/conf.d/default.conf:9
2025/04/06 11:36:29 [emerg] 1#1: host not found in upstream "frontend" in /etc/nginx/conf.d/default.conf:9
2025/04/06 11:36:35 [emerg] 1#1: host not found in upstream "frontend" in /etc/nginx/conf.d/default.conf:9
2025/04/06 11:36:42 [emerg] 1#1: host not found in upstream "frontend" in /etc/nginx/conf.d/default.conf:9
2025/04/06 11:36:49 [emerg] 1#1: host not found in upstream "frontend" in /etc/nginx/conf.d/default.conf:9
2025/04/06 11:37:00 [emerg] 1#1: host not found in upstream "frontend" in /etc/nginx/conf.d/default.conf:9
2025/04/06 11:37:17 [emerg] 1#1: host not found in upstream "frontend" in /etc/nginx/conf.d/default.conf:9
2025/04/06 11:37:47 [emerg] 1#1: host not found in upstream "frontend" in /etc/nginx/conf.d/default.conf:9
2025/04/06 11:38:43 [emerg] 1#1: host not found in upstream "frontend" in /etc/nginx/conf.d/default.conf:9
2025/04/06 11:39:47 [emerg] 1#1: host not found in upstream "frontend" in /etc/nginx/conf.d/default.conf:9
2025/04/06 11:40:51 [emerg] 1#1: host not found in upstream "frontend" in /etc/nginx/conf.d/default.conf:9
2025/04/06 11:41:55 [emerg] 1#1: host not found in upstream "frontend" in /etc/nginx/conf.d/default.conf:9
2025/04/06 11:43:00 [emerg] 1#1: host not found in upstream "frontend" in /etc/nginx/conf.d/default.conf:9
2025/04/06 11:44:04 [emerg] 1#1: host not found in upstream "gateway" in /etc/nginx/conf.d/default.conf:16
2025/04/06 11:45:08 [emerg] 1#1: host not found in upstream "gateway" in /etc/nginx/conf.d/default.conf:16
2025/04/06 11:46:12 [emerg] 1#1: host not found in upstream "gateway" in /etc/nginx/conf.d/default.conf:16
2025/04/06 11:47:17 [emerg] 1#1: host not found in upstream "gateway" in /etc/nginx/conf.d/default.conf:16
2025/04/06 11:47:23 [emerg] 1#1: host not found in upstream "gateway" in /etc/nginx/conf.d/default.conf:16
2025/04/06 11:47:30 [emerg] 1#1: host not found in upstream "gateway" in /etc/nginx/conf.d/default.conf:16
2025/04/06 11:47:37 [emerg] 1#1: host not found in upstream "gateway" in /etc/nginx/conf.d/default.conf:16
2025/04/06 11:47:43 [emerg] 1#1: host not found in upstream "gateway" in /etc/nginx/conf.d/default.conf:16
2025/04/06 11:47:50 [emerg] 1#1: host not found in upstream "gateway" in /etc/nginx/conf.d/default.conf:16
2025/04/06 11:47:57 [notice] 1#1: using the "epoll" event method
2025/04/06 11:47:57 [notice] 1#1: nginx/1.26.3
2025/04/06 11:47:57 [notice] 1#1: built by gcc 13.2.1 20240309 (Alpine 13.2.1_git20240309) 
2025/04/06 11:47:57 [notice] 1#1: OS: Linux 5.15.167.4-microsoft-standard-WSL2
2025/04/06 11:47:57 [notice] 1#1: getrlimit(RLIMIT_NOFILE): 1048576:1048576
2025/04/06 11:47:57 [notice] 1#1: start worker processes
2025/04/06 11:47:57 [notice] 1#1: start worker process 29
2025/04/06 11:47:57 [notice] 1#1: start worker process 30
2025/04/06 11:47:57 [notice] 1#1: start worker process 31
2025/04/06 11:47:57 [notice] 1#1: start worker process 32
2025/04/06 11:47:57 [notice] 1#1: start worker process 33
2025/04/06 11:47:57 [notice] 1#1: start worker process 34
2025/04/06 11:47:57 [notice] 1#1: start worker process 35
2025/04/06 11:47:57 [notice] 1#1: start worker process 36
2025/04/06 11:47:57 [notice] 1#1: start worker process 37
2025/04/06 11:47:57 [notice] 1#1: start worker process 38
2025/04/06 11:47:57 [notice] 1#1: start worker process 39
2025/04/06 11:47:57 [notice] 1#1: start worker process 40
2025/04/06 11:47:57 [notice] 1#1: start worker process 41
2025/04/06 11:47:57 [notice] 1#1: start worker process 42
2025/04/06 11:47:57 [notice] 1#1: start worker process 43
2025/04/06 11:47:57 [notice] 1#1: start worker process 44
2025/04/06 11:47:57 [notice] 1#1: start worker process 45
2025/04/06 11:47:57 [notice] 1#1: start worker process 46
2025/04/06 11:47:57 [notice] 1#1: start worker process 47
2025/04/06 11:47:57 [notice] 1#1: start worker process 48
2025/04/06 11:47:57 [notice] 1#1: start worker process 49
2025/04/06 11:47:57 [notice] 1#1: start worker process 50
2025/04/06 11:47:57 [notice] 1#1: start worker process 51
2025/04/06 11:47:57 [notice] 1#1: start worker process 52
2025/04/06 11:47:57 [notice] 1#1: start worker process 53
2025/04/06 11:47:57 [notice] 1#1: start worker process 54
2025/04/06 11:47:57 [notice] 1#1: start worker process 55
2025/04/06 11:47:57 [notice] 1#1: start worker process 56
2025/04/06 11:47:57 [notice] 1#1: start worker process 57
2025/04/06 11:47:57 [notice] 1#1: start worker process 58
2025/04/06 11:47:57 [notice] 1#1: start worker process 59
2025/04/06 11:47:57 [notice] 1#1: start worker process 60
2025/04/06 12:30:54 [notice] 1#1: using the "epoll" event method
2025/04/06 12:30:54 [notice] 1#1: nginx/1.26.3
2025/04/06 12:30:54 [notice] 1#1: built by gcc 13.2.1 20240309 (Alpine 13.2.1_git20240309) 
2025/04/06 12:30:54 [notice] 1#1: OS: Linux 5.15.167.4-microsoft-standard-WSL2
2025/04/06 12:30:54 [notice] 1#1: getrlimit(RLIMIT_NOFILE): 1048576:1048576
2025/04/06 12:30:54 [notice] 1#1: start worker processes
2025/04/06 12:30:54 [notice] 1#1: start worker process 29
2025/04/06 12:30:54 [notice] 1#1: start worker process 30
2025/04/06 12:30:54 [notice] 1#1: start worker process 31
2025/04/06 12:30:54 [notice] 1#1: start worker process 32
2025/04/06 12:30:54 [notice] 1#1: start worker process 33
2025/04/06 12:30:54 [notice] 1#1: start worker process 34
2025/04/06 12:30:54 [notice] 1#1: start worker process 35
2025/04/06 12:30:54 [notice] 1#1: start worker process 36
2025/04/06 12:30:54 [notice] 1#1: start worker process 37
2025/04/06 12:30:54 [notice] 1#1: start worker process 38
2025/04/06 12:30:54 [notice] 1#1: start worker process 39
2025/04/06 12:30:54 [notice] 1#1: start worker process 40
2025/04/06 12:30:54 [notice] 1#1: start worker process 41
2025/04/06 12:30:54 [notice] 1#1: start worker process 42
2025/04/06 12:30:54 [notice] 1#1: start worker process 43
2025/04/06 12:30:54 [notice] 1#1: start worker process 44
2025/04/06 12:30:54 [notice] 1#1: start worker process 45
2025/04/06 12:30:54 [notice] 1#1: start worker process 46
2025/04/06 12:30:54 [notice] 1#1: start worker process 47
2025/04/06 12:30:54 [notice] 1#1: start worker process 48
2025/04/06 12:30:54 [notice] 1#1: start worker process 49
2025/04/06 12:30:54 [notice] 1#1: start worker process 50
2025/04/06 12:30:54 [notice] 1#1: start worker process 51
2025/04/06 12:30:54 [notice] 1#1: start worker process 52
2025/04/06 12:30:54 [notice] 1#1: start worker process 53
2025/04/06 12:30:54 [notice] 1#1: start worker process 54
2025/04/06 12:30:54 [notice] 1#1: start worker process 55
2025/04/06 12:30:54 [notice] 1#1: start worker process 56
2025/04/06 12:30:54 [notice] 1#1: start worker process 57
2025/04/06 12:30:54 [notice] 1#1: start worker process 58
2025/04/06 12:30:54 [notice] 1#1: start worker process 59
2025/04/06 12:30:54 [notice] 1#1: start worker process 60
2025/04/06 12:45:59 [notice] 1#1: signal 3 (SIGQUIT) received, shutting down
2025/04/06 12:45:59 [notice] 29#29: gracefully shutting down
2025/04/06 12:45:59 [notice] 30#30: gracefully shutting down
2025/04/06 12:45:59 [notice] 31#31: gracefully shutting down
2025/04/06 12:45:59 [notice] 32#32: gracefully shutting down
2025/04/06 12:45:59 [notice] 33#33: gracefully shutting down
2025/04/06 12:45:59 [notice] 34#34: gracefully shutting down
2025/04/06 12:45:59 [notice] 38#38: gracefully shutting down
2025/04/06 12:45:59 [notice] 35#35: gracefully shutting down
2025/04/06 12:45:59 [notice] 37#37: gracefully shutting down
2025/04/06 12:45:59 [notice] 41#41: gracefully shutting down
2025/04/06 12:45:59 [notice] 40#40: gracefully shutting down
2025/04/06 12:45:59 [notice] 43#43: gracefully shutting down
2025/04/06 12:45:59 [notice] 44#44: gracefully shutting down
2025/04/06 12:45:59 [notice] 45#45: gracefully shutting down
2025/04/06 12:45:59 [notice] 42#42: gracefully shutting down
2025/04/06 12:45:59 [notice] 46#46: gracefully shutting down
2025/04/06 12:45:59 [notice] 48#48: gracefully shutting down
2025/04/06 12:45:59 [notice] 49#49: gracefully shutting down
2025/04/06 12:45:59 [notice] 50#50: gracefully shutting down
2025/04/06 12:45:59 [notice] 47#47: gracefully shutting down
2025/04/06 12:45:59 [notice] 52#52: gracefully shutting down
2025/04/06 12:45:59 [notice] 39#39: gracefully shutting down
2025/04/06 12:45:59 [notice] 53#53: gracefully shutting down
2025/04/06 12:45:59 [notice] 54#54: gracefully shutting down
2025/04/06 12:45:59 [notice] 55#55: gracefully shutting down
2025/04/06 12:45:59 [notice] 56#56: gracefully shutting down
2025/04/06 12:45:59 [notice] 58#58: gracefully shutting down
2025/04/06 12:45:59 [notice] 57#57: gracefully shutting down
2025/04/06 12:45:59 [notice] 36#36: gracefully shutting down
2025/04/06 12:45:59 [notice] 51#51: gracefully shutting down
2025/04/06 12:45:59 [notice] 59#59: gracefully shutting down
2025/04/06 12:45:59 [notice] 29#29: exiting
2025/04/06 12:45:59 [notice] 60#60: gracefully shutting down
2025/04/06 12:45:59 [notice] 30#30: exiting
2025/04/06 12:45:59 [notice] 31#31: exiting
2025/04/06 12:45:59 [notice] 32#32: exiting
2025/04/06 12:45:59 [notice] 33#33: exiting
2025/04/06 12:45:59 [notice] 34#34: exiting
2025/04/06 12:45:59 [notice] 38#38: exiting
2025/04/06 12:45:59 [notice] 35#35: exiting
2025/04/06 12:45:59 [notice] 37#37: exiting
2025/04/06 12:45:59 [notice] 41#41: exiting
2025/04/06 12:45:59 [notice] 40#40: exiting
2025/04/06 12:45:59 [notice] 43#43: exiting
2025/04/06 12:45:59 [notice] 44#44: exiting
2025/04/06 12:45:59 [notice] 45#45: exiting
2025/04/06 12:45:59 [notice] 42#42: exiting
2025/04/06 12:45:59 [notice] 46#46: exiting
2025/04/06 12:45:59 [notice] 48#48: exiting
2025/04/06 12:45:59 [notice] 49#49: exiting
2025/04/06 12:45:59 [notice] 50#50: exiting
2025/04/06 12:45:59 [notice] 47#47: exiting
2025/04/06 12:45:59 [notice] 52#52: exiting
2025/04/06 12:45:59 [notice] 39#39: exiting
2025/04/06 12:45:59 [notice] 53#53: exiting
2025/04/06 12:45:59 [notice] 54#54: exiting
2025/04/06 12:45:59 [notice] 55#55: exiting
2025/04/06 12:45:59 [notice] 56#56: exiting
2025/04/06 12:45:59 [notice] 58#58: exiting
2025/04/06 12:45:59 [notice] 57#57: exiting
2025/04/06 12:45:59 [notice] 36#36: exiting
2025/04/06 12:45:59 [notice] 51#51: exiting
2025/04/06 12:45:59 [notice] 59#59: exiting
2025/04/06 12:45:59 [notice] 29#29: exit
2025/04/06 12:45:59 [notice] 60#60: exiting
2025/04/06 12:45:59 [notice] 60#60: exit
2025/04/06 12:45:59 [notice] 30#30: exit
2025/04/06 12:45:59 [notice] 31#31: exit
2025/04/06 12:45:59 [notice] 32#32: exit
2025/04/06 12:45:59 [notice] 33#33: exit
2025/04/06 12:45:59 [notice] 34#34: exit
2025/04/06 12:45:59 [notice] 38#38: exit
2025/04/06 12:45:59 [notice] 35#35: exit
2025/04/06 12:45:59 [notice] 37#37: exit
2025/04/06 12:45:59 [notice] 41#41: exit
2025/04/06 12:45:59 [notice] 40#40: exit
2025/04/06 12:45:59 [notice] 43#43: exit
2025/04/06 12:45:59 [notice] 44#44: exit
2025/04/06 12:45:59 [notice] 45#45: exit
2025/04/06 12:45:59 [notice] 42#42: exit
2025/04/06 12:45:59 [notice] 46#46: exit
2025/04/06 12:45:59 [notice] 48#48: exit
2025/04/06 12:45:59 [notice] 49#49: exit
2025/04/06 12:45:59 [notice] 50#50: exit
2025/04/06 12:45:59 [notice] 47#47: exit
2025/04/06 12:45:59 [notice] 52#52: exit
2025/04/06 12:45:59 [notice] 39#39: exit
2025/04/06 12:45:59 [notice] 53#53: exit
2025/04/06 12:45:59 [notice] 54#54: exit
2025/04/06 12:45:59 [notice] 55#55: exit
2025/04/06 12:45:59 [notice] 56#56: exit
2025/04/06 12:45:59 [notice] 58#58: exit
2025/04/06 12:45:59 [notice] 57#57: exit
2025/04/06 12:45:59 [notice] 36#36: exit
2025/04/06 12:45:59 [notice] 51#51: exit
2025/04/06 12:45:59 [notice] 59#59: exit
2025/04/06 12:45:59 [notice] 1#1: signal 17 (SIGCHLD) received from 47
2025/04/06 12:45:59 [notice] 1#1: worker process 29 exited with code 0
2025/04/06 12:45:59 [notice] 1#1: worker process 31 exited with code 0
2025/04/06 12:45:59 [notice] 1#1: worker process 33 exited with code 0
2025/04/06 12:45:59 [notice] 1#1: worker process 35 exited with code 0
2025/04/06 12:45:59 [notice] 1#1: worker process 38 exited with code 0
2025/04/06 12:45:59 [notice] 1#1: worker process 44 exited with code 0
2025/04/06 12:45:59 [notice] 1#1: worker process 47 exited with code 0
2025/04/06 12:45:59 [notice] 1#1: worker process 58 exited with code 0
2025/04/06 12:45:59 [notice] 1#1: worker process 60 exited with code 0
2025/04/06 12:45:59 [notice] 1#1: signal 29 (SIGIO) received
2025/04/06 12:45:59 [notice] 1#1: signal 17 (SIGCHLD) received from 58
2025/04/06 12:45:59 [notice] 1#1: signal 17 (SIGCHLD) received from 41
2025/04/06 12:45:59 [notice] 1#1: worker process 30 exited with code 0
2025/04/06 12:45:59 [notice] 1#1: worker process 39 exited with code 0
2025/04/06 12:45:59 [notice] 1#1: worker process 41 exited with code 0
2025/04/06 12:45:59 [notice] 1#1: worker process 57 exited with code 0
2025/04/06 12:45:59 [notice] 1#1: signal 29 (SIGIO) received
2025/04/06 12:45:59 [notice] 1#1: signal 17 (SIGCHLD) received from 32
2025/04/06 12:45:59 [notice] 1#1: worker process 32 exited with code 0
2025/04/06 12:45:59 [notice] 1#1: worker process 34 exited with code 0
2025/04/06 12:45:59 [notice] 1#1: worker process 36 exited with code 0
2025/04/06 12:45:59 [notice] 1#1: worker process 43 exited with code 0
2025/04/06 12:45:59 [notice] 1#1: worker process 45 exited with code 0
2025/04/06 12:45:59 [notice] 1#1: worker process 46 exited with code 0
2025/04/06 12:45:59 [notice] 1#1: worker process 48 exited with code 0
2025/04/06 12:45:59 [notice] 1#1: worker process 49 exited with code 0
2025/04/06 12:45:59 [notice] 1#1: worker process 50 exited with code 0
2025/04/06 12:45:59 [notice] 1#1: worker process 51 exited with code 0
2025/04/06 12:45:59 [notice] 1#1: worker process 52 exited with code 0
2025/04/06 12:45:59 [notice] 1#1: worker process 54 exited with code 0
2025/04/06 12:45:59 [notice] 1#1: worker process 55 exited with code 0
2025/04/06 12:45:59 [notice] 1#1: worker process 56 exited with code 0
2025/04/06 12:45:59 [notice] 1#1: signal 29 (SIGIO) received
2025/04/06 12:45:59 [notice] 1#1: signal 17 (SIGCHLD) received from 36
2025/04/06 12:45:59 [notice] 1#1: signal 17 (SIGCHLD) received from 37
2025/04/06 12:45:59 [notice] 1#1: worker process 37 exited with code 0
2025/04/06 12:45:59 [notice] 1#1: worker process 42 exited with code 0
2025/04/06 12:45:59 [notice] 1#1: worker process 53 exited with code 0
2025/04/06 12:45:59 [notice] 1#1: worker process 59 exited with code 0
2025/04/06 12:45:59 [notice] 1#1: signal 29 (SIGIO) received
2025/04/06 12:45:59 [notice] 1#1: signal 17 (SIGCHLD) received from 59
2025/04/06 12:45:59 [notice] 1#1: signal 17 (SIGCHLD) received from 40
2025/04/06 12:45:59 [notice] 1#1: worker process 40 exited with code 0
2025/04/06 12:45:59 [notice] 1#1: exit
2025/04/06 12:46:00 [notice] 1#1: using the "epoll" event method
2025/04/06 12:46:00 [notice] 1#1: nginx/1.26.3
2025/04/06 12:46:00 [notice] 1#1: built by gcc 13.2.1 20240309 (Alpine 13.2.1_git20240309) 
2025/04/06 12:46:00 [notice] 1#1: OS: Linux 5.15.167.4-microsoft-standard-WSL2
2025/04/06 12:46:00 [notice] 1#1: getrlimit(RLIMIT_NOFILE): 1048576:1048576
2025/04/06 12:46:00 [notice] 1#1: start worker processes
2025/04/06 12:46:00 [notice] 1#1: start worker process 29
2025/04/06 12:46:00 [notice] 1#1: start worker process 30
2025/04/06 12:46:00 [notice] 1#1: start worker process 31
2025/04/06 12:46:00 [notice] 1#1: start worker process 32
2025/04/06 12:46:00 [notice] 1#1: start worker process 33
2025/04/06 12:46:00 [notice] 1#1: start worker process 34
2025/04/06 12:46:00 [notice] 1#1: start worker process 35
2025/04/06 12:46:00 [notice] 1#1: start worker process 36
2025/04/06 12:46:00 [notice] 1#1: start worker process 37
2025/04/06 12:46:00 [notice] 1#1: start worker process 38
2025/04/06 12:46:00 [notice] 1#1: start worker process 39
2025/04/06 12:46:00 [notice] 1#1: start worker process 40
2025/04/06 12:46:00 [notice] 1#1: start worker process 41
2025/04/06 12:46:00 [notice] 1#1: start worker process 42
2025/04/06 12:46:00 [notice] 1#1: start worker process 43
2025/04/06 12:46:00 [notice] 1#1: start worker process 44
2025/04/06 12:46:00 [notice] 1#1: start worker process 45
2025/04/06 12:46:00 [notice] 1#1: start worker process 46
2025/04/06 12:46:00 [notice] 1#1: start worker process 47
2025/04/06 12:46:00 [notice] 1#1: start worker process 48
2025/04/06 12:46:00 [notice] 1#1: start worker process 49
2025/04/06 12:46:00 [notice] 1#1: start worker process 50
2025/04/06 12:46:00 [notice] 1#1: start worker process 51
2025/04/06 12:46:00 [notice] 1#1: start worker process 52
2025/04/06 12:46:00 [notice] 1#1: start worker process 53
2025/04/06 12:46:00 [notice] 1#1: start worker process 54
2025/04/06 12:46:00 [notice] 1#1: start worker process 55
2025/04/06 12:46:00 [notice] 1#1: start worker process 56
2025/04/06 12:46:00 [notice] 1#1: start worker process 57
2025/04/06 12:46:00 [notice] 1#1: start worker process 58
2025/04/06 12:46:00 [notice] 1#1: start worker process 59
2025/04/06 12:46:00 [notice] 1#1: start worker process 60
2025/04/07 03:12:27 [emerg] 1#1: host not found in upstream "gateway" in /etc/nginx/conf.d/default.conf:21
2025/04/07 03:12:34 [emerg] 1#1: host not found in upstream "gateway" in /etc/nginx/conf.d/default.conf:21
2025/04/07 03:12:41 [emerg] 1#1: host not found in upstream "gateway" in /etc/nginx/conf.d/default.conf:21
2025/04/07 03:12:47 [emerg] 1#1: host not found in upstream "gateway" in /etc/nginx/conf.d/default.conf:21
2025/04/07 03:12:54 [emerg] 1#1: host not found in upstream "gateway" in /etc/nginx/conf.d/default.conf:21
2025/04/07 03:13:00 [emerg] 1#1: host not found in upstream "gateway" in /etc/nginx/conf.d/default.conf:21
2025/04/07 03:13:08 [notice] 1#1: using the "epoll" event method
2025/04/07 03:13:08 [notice] 1#1: nginx/1.26.3
2025/04/07 03:13:08 [notice] 1#1: built by gcc 13.2.1 20240309 (Alpine 13.2.1_git20240309) 
2025/04/07 03:13:08 [notice] 1#1: OS: Linux 5.15.167.4-microsoft-standard-WSL2
2025/04/07 03:13:08 [notice] 1#1: getrlimit(RLIMIT_NOFILE): 1048576:1048576
2025/04/07 03:13:08 [notice] 1#1: start worker processes
2025/04/07 03:13:08 [notice] 1#1: start worker process 29
2025/04/07 03:13:08 [notice] 1#1: start worker process 30
2025/04/07 03:13:08 [notice] 1#1: start worker process 31
2025/04/07 03:13:08 [notice] 1#1: start worker process 32
2025/04/07 03:13:08 [notice] 1#1: start worker process 33
2025/04/07 03:13:08 [notice] 1#1: start worker process 34
2025/04/07 03:13:08 [notice] 1#1: start worker process 35
2025/04/07 03:13:08 [notice] 1#1: start worker process 36
2025/04/07 03:13:08 [notice] 1#1: start worker process 37
2025/04/07 03:13:08 [notice] 1#1: start worker process 38
2025/04/07 03:13:08 [notice] 1#1: start worker process 39
2025/04/07 03:13:08 [notice] 1#1: start worker process 40
2025/04/07 03:13:08 [notice] 1#1: start worker process 41
2025/04/07 03:13:08 [notice] 1#1: start worker process 42
2025/04/07 03:13:08 [notice] 1#1: start worker process 43
2025/04/07 03:13:08 [notice] 1#1: start worker process 44
2025/04/07 03:13:08 [notice] 1#1: start worker process 45
2025/04/07 03:13:08 [notice] 1#1: start worker process 46
2025/04/07 03:13:08 [notice] 1#1: start worker process 47
2025/04/07 03:13:08 [notice] 1#1: start worker process 48
2025/04/07 03:13:08 [notice] 1#1: start worker process 49
2025/04/07 03:13:08 [notice] 1#1: start worker process 50
2025/04/07 03:13:08 [notice] 1#1: start worker process 51
2025/04/07 03:13:08 [notice] 1#1: start worker process 52
2025/04/07 03:13:08 [notice] 1#1: start worker process 53
2025/04/07 03:13:08 [notice] 1#1: start worker process 54
2025/04/07 03:13:08 [notice] 1#1: start worker process 55
2025/04/07 03:13:08 [notice] 1#1: start worker process 56
2025/04/07 03:13:08 [notice] 1#1: start worker process 57
2025/04/07 03:13:08 [notice] 1#1: start worker process 58
2025/04/07 03:13:08 [notice] 1#1: start worker process 59
2025/04/07 03:13:08 [notice] 1#1: start worker process 60
2025/04/07 04:16:09 [notice] 1#1: signal 3 (SIGQUIT) received, shutting down
2025/04/07 04:16:09 [notice] 29#29: gracefully shutting down
2025/04/07 04:16:09 [notice] 52#52: gracefully shutting down
2025/04/07 04:16:09 [notice] 30#30: gracefully shutting down
2025/04/07 04:16:09 [notice] 31#31: gracefully shutting down
2025/04/07 04:16:09 [notice] 32#32: gracefully shutting down
2025/04/07 04:16:09 [notice] 33#33: gracefully shutting down
2025/04/07 04:16:09 [notice] 35#35: gracefully shutting down
2025/04/07 04:16:09 [notice] 34#34: gracefully shutting down
2025/04/07 04:16:09 [notice] 36#36: gracefully shutting down
2025/04/07 04:16:09 [notice] 37#37: gracefully shutting down
2025/04/07 04:16:09 [notice] 38#38: gracefully shutting down
2025/04/07 04:16:09 [notice] 39#39: gracefully shutting down
2025/04/07 04:16:09 [notice] 41#41: gracefully shutting down
2025/04/07 04:16:09 [notice] 43#43: gracefully shutting down
2025/04/07 04:16:09 [notice] 40#40: gracefully shutting down
2025/04/07 04:16:09 [notice] 44#44: gracefully shutting down
2025/04/07 04:16:09 [notice] 42#42: gracefully shutting down
2025/04/07 04:16:09 [notice] 45#45: gracefully shutting down
2025/04/07 04:16:09 [notice] 46#46: gracefully shutting down
2025/04/07 04:16:09 [notice] 47#47: gracefully shutting down
2025/04/07 04:16:09 [notice] 48#48: gracefully shutting down
2025/04/07 04:16:09 [notice] 49#49: gracefully shutting down
2025/04/07 04:16:09 [notice] 51#51: gracefully shutting down
2025/04/07 04:16:09 [notice] 53#53: gracefully shutting down
2025/04/07 04:16:09 [notice] 50#50: gracefully shutting down
2025/04/07 04:16:09 [notice] 55#55: gracefully shutting down
2025/04/07 04:16:09 [notice] 54#54: gracefully shutting down
2025/04/07 04:16:09 [notice] 56#56: gracefully shutting down
2025/04/07 04:16:09 [notice] 29#29: exiting
2025/04/07 04:16:09 [notice] 57#57: gracefully shutting down
2025/04/07 04:16:09 [notice] 29#29: exit
2025/04/07 04:16:09 [notice] 59#59: gracefully shutting down
2025/04/07 04:16:09 [notice] 58#58: gracefully shutting down
2025/04/07 04:16:09 [notice] 60#60: gracefully shutting down
2025/04/07 04:16:09 [notice] 52#52: exiting
2025/04/07 04:16:09 [notice] 30#30: exiting
2025/04/07 04:16:09 [notice] 31#31: exiting
2025/04/07 04:16:09 [notice] 32#32: exiting
2025/04/07 04:16:09 [notice] 33#33: exiting
2025/04/07 04:16:09 [notice] 35#35: exiting
2025/04/07 04:16:09 [notice] 34#34: exiting
2025/04/07 04:16:09 [notice] 36#36: exiting
2025/04/07 04:16:09 [notice] 34#34: exit
2025/04/07 04:16:09 [notice] 37#37: exiting
2025/04/07 04:16:09 [notice] 38#38: exiting
2025/04/07 04:16:09 [notice] 39#39: exiting
2025/04/07 04:16:09 [notice] 41#41: exiting
2025/04/07 04:16:09 [notice] 43#43: exiting
2025/04/07 04:16:09 [notice] 40#40: exiting
2025/04/07 04:16:09 [notice] 44#44: exiting
2025/04/07 04:16:09 [notice] 42#42: exiting
2025/04/07 04:16:09 [notice] 45#45: exiting
2025/04/07 04:16:09 [notice] 46#46: exiting
2025/04/07 04:16:09 [notice] 47#47: exiting
2025/04/07 04:16:09 [notice] 48#48: exiting
2025/04/07 04:16:09 [notice] 49#49: exiting
2025/04/07 04:16:09 [notice] 51#51: exiting
2025/04/07 04:16:09 [notice] 53#53: exiting
2025/04/07 04:16:09 [notice] 50#50: exiting
2025/04/07 04:16:09 [notice] 55#55: exiting
2025/04/07 04:16:09 [notice] 54#54: exiting
2025/04/07 04:16:09 [notice] 56#56: exiting
2025/04/07 04:16:09 [notice] 57#57: exiting
2025/04/07 04:16:09 [notice] 59#59: exiting
2025/04/07 04:16:09 [notice] 58#58: exiting
2025/04/07 04:16:09 [notice] 60#60: exiting
2025/04/07 04:16:09 [notice] 52#52: exit
2025/04/07 04:16:09 [notice] 30#30: exit
2025/04/07 04:16:09 [notice] 31#31: exit
2025/04/07 04:16:09 [notice] 32#32: exit
2025/04/07 04:16:09 [notice] 33#33: exit
2025/04/07 04:16:09 [notice] 35#35: exit
2025/04/07 04:16:09 [notice] 36#36: exit
2025/04/07 04:16:09 [notice] 37#37: exit
2025/04/07 04:16:09 [notice] 38#38: exit
2025/04/07 04:16:09 [notice] 39#39: exit
2025/04/07 04:16:09 [notice] 41#41: exit
2025/04/07 04:16:09 [notice] 43#43: exit
2025/04/07 04:16:09 [notice] 40#40: exit
2025/04/07 04:16:09 [notice] 44#44: exit
2025/04/07 04:16:09 [notice] 42#42: exit
2025/04/07 04:16:09 [notice] 45#45: exit
2025/04/07 04:16:09 [notice] 46#46: exit
2025/04/07 04:16:09 [notice] 47#47: exit
2025/04/07 04:16:09 [notice] 48#48: exit
2025/04/07 04:16:09 [notice] 49#49: exit
2025/04/07 04:16:09 [notice] 51#51: exit
2025/04/07 04:16:09 [notice] 53#53: exit
2025/04/07 04:16:09 [notice] 50#50: exit
2025/04/07 04:16:09 [notice] 55#55: exit
2025/04/07 04:16:09 [notice] 54#54: exit
2025/04/07 04:16:09 [notice] 56#56: exit
2025/04/07 04:16:09 [notice] 57#57: exit
2025/04/07 04:16:09 [notice] 59#59: exit
2025/04/07 04:16:09 [notice] 58#58: exit
2025/04/07 04:16:09 [notice] 60#60: exit
2025/04/07 04:16:09 [notice] 1#1: signal 17 (SIGCHLD) received from 49
2025/04/07 04:16:09 [notice] 1#1: worker process 32 exited with code 0
2025/04/07 04:16:09 [notice] 1#1: worker process 34 exited with code 0
2025/04/07 04:16:09 [notice] 1#1: worker process 36 exited with code 0
2025/04/07 04:16:09 [notice] 1#1: worker process 39 exited with code 0
2025/04/07 04:16:09 [notice] 1#1: worker process 42 exited with code 0
2025/04/07 04:16:09 [notice] 1#1: worker process 44 exited with code 0
2025/04/07 04:16:09 [notice] 1#1: worker process 46 exited with code 0
2025/04/07 04:16:09 [notice] 1#1: worker process 49 exited with code 0
2025/04/07 04:16:09 [notice] 1#1: worker process 50 exited with code 0
2025/04/07 04:16:09 [notice] 1#1: worker process 51 exited with code 0
2025/04/07 04:16:09 [notice] 1#1: worker process 52 exited with code 0
2025/04/07 04:16:09 [notice] 1#1: worker process 55 exited with code 0
2025/04/07 04:16:09 [notice] 1#1: worker process 56 exited with code 0
2025/04/07 04:16:09 [notice] 1#1: worker process 59 exited with code 0
2025/04/07 04:16:09 [notice] 1#1: signal 29 (SIGIO) received
2025/04/07 04:16:09 [notice] 1#1: signal 17 (SIGCHLD) received from 52
2025/04/07 04:16:09 [notice] 1#1: signal 17 (SIGCHLD) received from 33
2025/04/07 04:16:09 [notice] 1#1: worker process 30 exited with code 0
2025/04/07 04:16:09 [notice] 1#1: worker process 33 exited with code 0
2025/04/07 04:16:09 [notice] 1#1: worker process 37 exited with code 0
2025/04/07 04:16:09 [notice] 1#1: worker process 43 exited with code 0
2025/04/07 04:16:09 [notice] 1#1: worker process 57 exited with code 0
2025/04/07 04:16:09 [notice] 1#1: signal 29 (SIGIO) received
2025/04/07 04:16:09 [notice] 1#1: signal 17 (SIGCHLD) received from 57
2025/04/07 04:16:09 [notice] 1#1: signal 17 (SIGCHLD) received from 35
2025/04/07 04:16:09 [notice] 1#1: worker process 29 exited with code 0
2025/04/07 04:16:09 [notice] 1#1: worker process 35 exited with code 0
2025/04/07 04:16:09 [notice] 1#1: worker process 40 exited with code 0
2025/04/07 04:16:09 [notice] 1#1: worker process 47 exited with code 0
2025/04/07 04:16:09 [notice] 1#1: worker process 54 exited with code 0
2025/04/07 04:16:09 [notice] 1#1: worker process 60 exited with code 0
2025/04/07 04:16:09 [notice] 1#1: signal 29 (SIGIO) received
2025/04/07 04:16:09 [notice] 1#1: signal 17 (SIGCHLD) received from 54
2025/04/07 04:16:09 [notice] 1#1: signal 17 (SIGCHLD) received from 31
2025/04/07 04:16:09 [notice] 1#1: worker process 31 exited with code 0
2025/04/07 04:16:09 [notice] 1#1: worker process 38 exited with code 0
2025/04/07 04:16:09 [notice] 1#1: worker process 41 exited with code 0
2025/04/07 04:16:09 [notice] 1#1: worker process 45 exited with code 0
2025/04/07 04:16:09 [notice] 1#1: worker process 48 exited with code 0
2025/04/07 04:16:09 [notice] 1#1: worker process 53 exited with code 0
2025/04/07 04:16:09 [notice] 1#1: worker process 58 exited with code 0
2025/04/07 04:16:09 [notice] 1#1: exit
2025/04/07 04:28:57 [emerg] 1#1: host not found in upstream "gateway" in /etc/nginx/conf.d/default.conf:21
2025/04/07 04:29:05 [emerg] 1#1: host not found in upstream "gateway" in /etc/nginx/conf.d/default.conf:21
2025/04/07 04:29:11 [emerg] 1#1: host not found in upstream "gateway" in /etc/nginx/conf.d/default.conf:21
2025/04/07 04:29:18 [emerg] 1#1: host not found in upstream "gateway" in /etc/nginx/conf.d/default.conf:21
2025/04/07 04:29:25 [emerg] 1#1: host not found in upstream "gateway" in /etc/nginx/conf.d/default.conf:21
2025/04/07 04:29:31 [emerg] 1#1: host not found in upstream "gateway" in /etc/nginx/conf.d/default.conf:21
2025/04/07 04:29:39 [emerg] 1#1: host not found in upstream "gateway" in /etc/nginx/conf.d/default.conf:21
2025/04/07 04:29:49 [emerg] 1#1: host not found in upstream "gateway" in /etc/nginx/conf.d/default.conf:21
2025/04/07 04:30:07 [emerg] 1#1: host not found in upstream "gateway" in /etc/nginx/conf.d/default.conf:21
2025/04/07 04:30:37 [emerg] 1#1: host not found in upstream "gateway" in /etc/nginx/conf.d/default.conf:21
2025/04/07 04:31:33 [emerg] 1#1: host not found in upstream "gateway" in /etc/nginx/conf.d/default.conf:21
2025/04/07 04:32:37 [notice] 1#1: using the "epoll" event method
2025/04/07 04:32:37 [notice] 1#1: nginx/1.26.3
2025/04/07 04:32:37 [notice] 1#1: built by gcc 13.2.1 20240309 (Alpine 13.2.1_git20240309) 
2025/04/07 04:32:37 [notice] 1#1: OS: Linux 5.15.167.4-microsoft-standard-WSL2
2025/04/07 04:32:37 [notice] 1#1: getrlimit(RLIMIT_NOFILE): 1048576:1048576
2025/04/07 04:32:37 [notice] 1#1: start worker processes
2025/04/07 04:32:37 [notice] 1#1: start worker process 28
2025/04/07 04:32:37 [notice] 1#1: start worker process 29
2025/04/07 04:32:37 [notice] 1#1: start worker process 30
2025/04/07 04:32:37 [notice] 1#1: start worker process 31
2025/04/07 04:32:37 [notice] 1#1: start worker process 32
2025/04/07 04:32:37 [notice] 1#1: start worker process 33
2025/04/07 04:32:37 [notice] 1#1: start worker process 34
2025/04/07 04:32:37 [notice] 1#1: start worker process 35
2025/04/07 04:32:37 [notice] 1#1: start worker process 36
2025/04/07 04:32:37 [notice] 1#1: start worker process 37
2025/04/07 04:32:37 [notice] 1#1: start worker process 38
2025/04/07 04:32:37 [notice] 1#1: start worker process 39
2025/04/07 04:32:37 [notice] 1#1: start worker process 40
2025/04/07 04:32:37 [notice] 1#1: start worker process 41
2025/04/07 04:32:37 [notice] 1#1: start worker process 42
2025/04/07 04:32:37 [notice] 1#1: start worker process 43
2025/04/07 04:32:37 [notice] 1#1: start worker process 44
2025/04/07 04:32:37 [notice] 1#1: start worker process 45
2025/04/07 04:32:37 [notice] 1#1: start worker process 46
2025/04/07 04:32:37 [notice] 1#1: start worker process 47
2025/04/07 04:32:37 [notice] 1#1: start worker process 48
2025/04/07 04:32:37 [notice] 1#1: start worker process 49
2025/04/07 04:32:37 [notice] 1#1: start worker process 50
2025/04/07 04:32:37 [notice] 1#1: start worker process 51
2025/04/07 04:32:37 [notice] 1#1: start worker process 52
2025/04/07 04:32:37 [notice] 1#1: start worker process 53
2025/04/07 04:32:37 [notice] 1#1: start worker process 54
2025/04/07 04:32:37 [notice] 1#1: start worker process 55
2025/04/07 04:32:37 [notice] 1#1: start worker process 56
2025/04/07 04:32:37 [notice] 1#1: start worker process 57
2025/04/07 04:32:37 [notice] 1#1: start worker process 58
2025/04/07 04:32:37 [notice] 1#1: start worker process 59
2025/04/07 09:21:50 [notice] 1#1: signal 3 (SIGQUIT) received, shutting down
2025/04/07 09:21:50 [notice] 28#28: gracefully shutting down
2025/04/07 09:21:50 [notice] 33#33: gracefully shutting down
2025/04/07 09:21:50 [notice] 29#29: gracefully shutting down
2025/04/07 09:21:50 [notice] 31#31: gracefully shutting down
2025/04/07 09:21:50 [notice] 30#30: gracefully shutting down
2025/04/07 09:21:50 [notice] 36#36: gracefully shutting down
2025/04/07 09:21:50 [notice] 32#32: gracefully shutting down
2025/04/07 09:21:50 [notice] 54#54: gracefully shutting down
2025/04/07 09:21:50 [notice] 34#34: gracefully shutting down
2025/04/07 09:21:50 [notice] 32#32: exiting
2025/04/07 09:21:50 [notice] 51#51: gracefully shutting down
2025/04/07 09:21:50 [notice] 35#35: gracefully shutting down
2025/04/07 09:21:50 [notice] 37#37: gracefully shutting down
2025/04/07 09:21:50 [notice] 35#35: exiting
2025/04/07 09:21:50 [notice] 37#37: exiting
2025/04/07 09:21:50 [notice] 45#45: gracefully shutting down
2025/04/07 09:21:50 [notice] 46#46: gracefully shutting down
2025/04/07 09:21:50 [notice] 41#41: gracefully shutting down
2025/04/07 09:21:50 [notice] 42#42: gracefully shutting down
2025/04/07 09:21:50 [notice] 42#42: exiting
2025/04/07 09:21:50 [notice] 28#28: exiting
2025/04/07 09:21:50 [notice] 47#47: gracefully shutting down
2025/04/07 09:21:50 [notice] 50#50: gracefully shutting down
2025/04/07 09:21:50 [notice] 48#48: gracefully shutting down
2025/04/07 09:21:50 [notice] 43#43: gracefully shutting down
2025/04/07 09:21:50 [notice] 47#47: exiting
2025/04/07 09:21:50 [notice] 50#50: exiting
2025/04/07 09:21:50 [notice] 50#50: exit
2025/04/07 09:21:50 [notice] 43#43: exiting
2025/04/07 09:21:50 [notice] 52#52: gracefully shutting down
2025/04/07 09:21:50 [notice] 53#53: gracefully shutting down
2025/04/07 09:21:50 [notice] 33#33: exiting
2025/04/07 09:21:50 [notice] 38#38: gracefully shutting down
2025/04/07 09:21:50 [notice] 29#29: exiting
2025/04/07 09:21:50 [notice] 44#44: gracefully shutting down
2025/04/07 09:21:50 [notice] 29#29: exit
2025/04/07 09:21:50 [notice] 31#31: exiting
2025/04/07 09:21:50 [notice] 38#38: exiting
2025/04/07 09:21:50 [notice] 49#49: gracefully shutting down
2025/04/07 09:21:50 [notice] 38#38: exit
2025/04/07 09:21:50 [notice] 58#58: gracefully shutting down
2025/04/07 09:21:50 [notice] 57#57: gracefully shutting down
2025/04/07 09:21:50 [notice] 36#36: exiting
2025/04/07 09:21:50 [notice] 56#56: gracefully shutting down
2025/04/07 09:21:50 [notice] 40#40: gracefully shutting down
2025/04/07 09:21:50 [notice] 55#55: gracefully shutting down
2025/04/07 09:21:50 [notice] 54#54: exiting
2025/04/07 09:21:50 [notice] 34#34: exiting
2025/04/07 09:21:50 [notice] 54#54: exit
2025/04/07 09:21:50 [notice] 30#30: exiting
2025/04/07 09:21:50 [notice] 32#32: exit
2025/04/07 09:21:50 [notice] 59#59: gracefully shutting down
2025/04/07 09:21:50 [notice] 39#39: gracefully shutting down
2025/04/07 09:21:50 [notice] 51#51: exiting
2025/04/07 09:21:50 [notice] 35#35: exit
2025/04/07 09:21:50 [notice] 37#37: exit
2025/04/07 09:21:50 [notice] 45#45: exiting
2025/04/07 09:21:50 [notice] 41#41: exiting
2025/04/07 09:21:50 [notice] 46#46: exiting
2025/04/07 09:21:50 [notice] 28#28: exit
2025/04/07 09:21:50 [notice] 41#41: exit
2025/04/07 09:21:50 [notice] 47#47: exit
2025/04/07 09:21:50 [notice] 42#42: exit
2025/04/07 09:21:50 [notice] 43#43: exit
2025/04/07 09:21:50 [notice] 48#48: exiting
2025/04/07 09:21:50 [notice] 52#52: exiting
2025/04/07 09:21:50 [notice] 33#33: exit
2025/04/07 09:21:50 [notice] 53#53: exiting
2025/04/07 09:21:50 [notice] 44#44: exiting
2025/04/07 09:21:50 [notice] 31#31: exit
2025/04/07 09:21:50 [notice] 44#44: exit
2025/04/07 09:21:50 [notice] 49#49: exiting
2025/04/07 09:21:50 [notice] 58#58: exiting
2025/04/07 09:21:50 [notice] 36#36: exit
2025/04/07 09:21:50 [notice] 56#56: exiting
2025/04/07 09:21:50 [notice] 55#55: exiting
2025/04/07 09:21:50 [notice] 34#34: exit
2025/04/07 09:21:50 [notice] 40#40: exiting
2025/04/07 09:21:50 [notice] 57#57: exiting
2025/04/07 09:21:50 [notice] 30#30: exit
2025/04/07 09:21:50 [notice] 51#51: exit
2025/04/07 09:21:50 [notice] 39#39: exiting
2025/04/07 09:21:50 [notice] 45#45: exit
2025/04/07 09:21:50 [notice] 46#46: exit
2025/04/07 09:21:50 [notice] 59#59: exiting
2025/04/07 09:21:50 [notice] 48#48: exit
2025/04/07 09:21:50 [notice] 52#52: exit
2025/04/07 09:21:50 [notice] 53#53: exit
2025/04/07 09:21:50 [notice] 49#49: exit
2025/04/07 09:21:50 [notice] 58#58: exit
2025/04/07 09:21:50 [notice] 56#56: exit
2025/04/07 09:21:50 [notice] 55#55: exit
2025/04/07 09:21:50 [notice] 40#40: exit
2025/04/07 09:21:50 [notice] 57#57: exit
2025/04/07 09:21:50 [notice] 39#39: exit
2025/04/07 09:21:50 [notice] 59#59: exit
2025/04/07 09:21:50 [notice] 1#1: signal 17 (SIGCHLD) received from 52
2025/04/07 09:21:50 [notice] 1#1: worker process 31 exited with code 0
2025/04/07 09:21:50 [notice] 1#1: worker process 32 exited with code 0
2025/04/07 09:21:50 [notice] 1#1: worker process 33 exited with code 0
2025/04/07 09:21:50 [notice] 1#1: worker process 38 exited with code 0
2025/04/07 09:21:50 [notice] 1#1: worker process 41 exited with code 0
2025/04/07 09:21:50 [notice] 1#1: worker process 42 exited with code 0
2025/04/07 09:21:50 [notice] 1#1: worker process 44 exited with code 0
2025/04/07 09:21:50 [notice] 1#1: worker process 50 exited with code 0
2025/04/07 09:21:50 [notice] 1#1: worker process 52 exited with code 0
2025/04/07 09:21:50 [notice] 1#1: worker process 54 exited with code 0
2025/04/07 09:21:50 [notice] 1#1: signal 29 (SIGIO) received
2025/04/07 09:21:50 [notice] 1#1: signal 17 (SIGCHLD) received from 41
2025/04/07 09:21:50 [notice] 1#1: signal 17 (SIGCHLD) received from 43
2025/04/07 09:21:50 [notice] 1#1: worker process 29 exited with code 0
2025/04/07 09:21:50 [notice] 1#1: worker process 43 exited with code 0
2025/04/07 09:21:50 [notice] 1#1: signal 29 (SIGIO) received
2025/04/07 09:21:50 [notice] 1#1: signal 17 (SIGCHLD) received from 51
2025/04/07 09:21:50 [notice] 1#1: worker process 28 exited with code 0
2025/04/07 09:21:50 [notice] 1#1: worker process 30 exited with code 0
2025/04/07 09:21:50 [notice] 1#1: worker process 37 exited with code 0
2025/04/07 09:21:50 [notice] 1#1: worker process 39 exited with code 0
2025/04/07 09:21:50 [notice] 1#1: worker process 40 exited with code 0
2025/04/07 09:21:50 [notice] 1#1: worker process 45 exited with code 0
2025/04/07 09:21:50 [notice] 1#1: worker process 48 exited with code 0
2025/04/07 09:21:50 [notice] 1#1: worker process 49 exited with code 0
2025/04/07 09:21:50 [notice] 1#1: worker process 51 exited with code 0
2025/04/07 09:21:50 [notice] 1#1: worker process 53 exited with code 0
2025/04/07 09:21:50 [notice] 1#1: worker process 55 exited with code 0
2025/04/07 09:21:50 [notice] 1#1: worker process 56 exited with code 0
2025/04/07 09:21:50 [notice] 1#1: worker process 57 exited with code 0
2025/04/07 09:21:50 [notice] 1#1: worker process 58 exited with code 0
2025/04/07 09:21:50 [notice] 1#1: worker process 59 exited with code 0
2025/04/07 09:21:50 [notice] 1#1: signal 29 (SIGIO) received
2025/04/07 09:21:50 [notice] 1#1: signal 17 (SIGCHLD) received from 58
2025/04/07 09:21:50 [notice] 1#1: signal 17 (SIGCHLD) received from 46
2025/04/07 09:21:50 [notice] 1#1: worker process 34 exited with code 0
2025/04/07 09:21:50 [notice] 1#1: worker process 35 exited with code 0
2025/04/07 09:21:50 [notice] 1#1: worker process 36 exited with code 0
2025/04/07 09:21:50 [notice] 1#1: worker process 46 exited with code 0
2025/04/07 09:21:50 [notice] 1#1: worker process 47 exited with code 0
2025/04/07 09:21:50 [notice] 1#1: exit
2025/04/07 09:23:02 [emerg] 1#1: host not found in upstream "gateway" in /etc/nginx/conf.d/default.conf:21
2025/04/07 09:23:08 [emerg] 1#1: host not found in upstream "gateway" in /etc/nginx/conf.d/default.conf:21
2025/04/07 09:23:15 [emerg] 1#1: host not found in upstream "gateway" in /etc/nginx/conf.d/default.conf:21
2025/04/07 09:23:21 [emerg] 1#1: host not found in upstream "gateway" in /etc/nginx/conf.d/default.conf:21
2025/04/07 09:23:28 [emerg] 1#1: host not found in upstream "gateway" in /etc/nginx/conf.d/default.conf:21
2025/04/07 09:23:34 [emerg] 1#1: host not found in upstream "gateway" in /etc/nginx/conf.d/default.conf:21
2025/04/07 09:23:42 [emerg] 1#1: host not found in upstream "gateway" in /etc/nginx/conf.d/default.conf:21
2025/04/07 09:23:52 [emerg] 1#1: host not found in upstream "gateway" in /etc/nginx/conf.d/default.conf:21
2025/04/07 09:24:10 [emerg] 1#1: host not found in upstream "gateway" in /etc/nginx/conf.d/default.conf:21
2025/04/07 09:24:41 [emerg] 1#1: host not found in upstream "gateway" in /etc/nginx/conf.d/default.conf:21
2025/04/07 09:25:37 [notice] 1#1: using the "epoll" event method
2025/04/07 09:25:37 [notice] 1#1: nginx/1.26.3
2025/04/07 09:25:37 [notice] 1#1: built by gcc 13.2.1 20240309 (Alpine 13.2.1_git20240309) 
2025/04/07 09:25:37 [notice] 1#1: OS: Linux 5.15.167.4-microsoft-standard-WSL2
2025/04/07 09:25:37 [notice] 1#1: getrlimit(RLIMIT_NOFILE): 1048576:1048576
2025/04/07 09:25:37 [notice] 1#1: start worker processes
2025/04/07 09:25:37 [notice] 1#1: start worker process 29
2025/04/07 09:25:37 [notice] 1#1: start worker process 30
2025/04/07 09:25:37 [notice] 1#1: start worker process 31
2025/04/07 09:25:37 [notice] 1#1: start worker process 32
2025/04/07 09:25:37 [notice] 1#1: start worker process 33
2025/04/07 09:25:37 [notice] 1#1: start worker process 34
2025/04/07 09:25:37 [notice] 1#1: start worker process 35
2025/04/07 09:25:37 [notice] 1#1: start worker process 36
2025/04/07 09:25:37 [notice] 1#1: start worker process 37
2025/04/07 09:25:37 [notice] 1#1: start worker process 38
2025/04/07 09:25:37 [notice] 1#1: start worker process 39
2025/04/07 09:25:37 [notice] 1#1: start worker process 40
2025/04/07 09:25:37 [notice] 1#1: start worker process 41
2025/04/07 09:25:37 [notice] 1#1: start worker process 42
2025/04/07 09:25:37 [notice] 1#1: start worker process 43
2025/04/07 09:25:37 [notice] 1#1: start worker process 44
2025/04/07 09:25:37 [notice] 1#1: start worker process 45
2025/04/07 09:25:37 [notice] 1#1: start worker process 46
2025/04/07 09:25:37 [notice] 1#1: start worker process 47
2025/04/07 09:25:37 [notice] 1#1: start worker process 48
2025/04/07 09:25:37 [notice] 1#1: start worker process 49
2025/04/07 09:25:37 [notice] 1#1: start worker process 50
2025/04/07 09:25:37 [notice] 1#1: start worker process 51
2025/04/07 09:25:37 [notice] 1#1: start worker process 52
2025/04/07 09:25:37 [notice] 1#1: start worker process 53
2025/04/07 09:25:37 [notice] 1#1: start worker process 54
2025/04/07 09:25:37 [notice] 1#1: start worker process 55
2025/04/07 09:25:37 [notice] 1#1: start worker process 56
2025/04/07 09:25:37 [notice] 1#1: start worker process 57
2025/04/07 09:25:37 [notice] 1#1: start worker process 58
2025/04/07 09:25:37 [notice] 1#1: start worker process 59
2025/04/07 09:25:37 [notice] 1#1: start worker process 60
2025/04/07 09:27:52 [notice] 1#1: signal 3 (SIGQUIT) received, shutting down
2025/04/07 09:27:52 [notice] 29#29: gracefully shutting down
2025/04/07 09:27:52 [notice] 43#43: gracefully shutting down
2025/04/07 09:27:52 [notice] 31#31: gracefully shutting down
2025/04/07 09:27:52 [notice] 32#32: gracefully shutting down
2025/04/07 09:27:52 [notice] 30#30: gracefully shutting down
2025/04/07 09:27:52 [notice] 33#33: gracefully shutting down
2025/04/07 09:27:52 [notice] 34#34: gracefully shutting down
2025/04/07 09:27:52 [notice] 36#36: gracefully shutting down
2025/04/07 09:27:52 [notice] 35#35: gracefully shutting down
2025/04/07 09:27:52 [notice] 37#37: gracefully shutting down
2025/04/07 09:27:52 [notice] 38#38: gracefully shutting down
2025/04/07 09:27:52 [notice] 40#40: gracefully shutting down
2025/04/07 09:27:52 [notice] 39#39: gracefully shutting down
2025/04/07 09:27:52 [notice] 41#41: gracefully shutting down
2025/04/07 09:27:52 [notice] 42#42: gracefully shutting down
2025/04/07 09:27:52 [notice] 44#44: gracefully shutting down
2025/04/07 09:27:52 [notice] 45#45: gracefully shutting down
2025/04/07 09:27:52 [notice] 29#29: exiting
2025/04/07 09:27:52 [notice] 46#46: gracefully shutting down
2025/04/07 09:27:52 [notice] 48#48: gracefully shutting down
2025/04/07 09:27:52 [notice] 47#47: gracefully shutting down
2025/04/07 09:27:52 [notice] 50#50: gracefully shutting down
2025/04/07 09:27:52 [notice] 52#52: gracefully shutting down
2025/04/07 09:27:52 [notice] 49#49: gracefully shutting down
2025/04/07 09:27:52 [notice] 51#51: gracefully shutting down
2025/04/07 09:27:52 [notice] 54#54: gracefully shutting down
2025/04/07 09:27:52 [notice] 53#53: gracefully shutting down
2025/04/07 09:27:52 [notice] 55#55: gracefully shutting down
2025/04/07 09:27:52 [notice] 56#56: gracefully shutting down
2025/04/07 09:27:52 [notice] 57#57: gracefully shutting down
2025/04/07 09:27:52 [notice] 58#58: gracefully shutting down
2025/04/07 09:27:52 [notice] 59#59: gracefully shutting down
2025/04/07 09:27:52 [notice] 60#60: gracefully shutting down
2025/04/07 09:27:52 [notice] 43#43: exiting
2025/04/07 09:27:52 [notice] 31#31: exiting
2025/04/07 09:27:52 [notice] 32#32: exiting
2025/04/07 09:27:52 [notice] 30#30: exiting
2025/04/07 09:27:52 [notice] 33#33: exiting
2025/04/07 09:27:52 [notice] 34#34: exiting
2025/04/07 09:27:52 [notice] 36#36: exiting
2025/04/07 09:27:52 [notice] 35#35: exiting
2025/04/07 09:27:52 [notice] 37#37: exiting
2025/04/07 09:27:52 [notice] 35#35: exit
2025/04/07 09:27:52 [notice] 38#38: exiting
2025/04/07 09:27:52 [notice] 40#40: exiting
2025/04/07 09:27:52 [notice] 39#39: exiting
2025/04/07 09:27:52 [notice] 41#41: exiting
2025/04/07 09:27:52 [notice] 39#39: exit
2025/04/07 09:27:52 [notice] 42#42: exiting
2025/04/07 09:27:52 [notice] 44#44: exiting
2025/04/07 09:27:52 [notice] 45#45: exiting
2025/04/07 09:27:52 [notice] 29#29: exit
2025/04/07 09:27:52 [notice] 46#46: exiting
2025/04/07 09:27:52 [notice] 48#48: exiting
2025/04/07 09:27:52 [notice] 46#46: exit
2025/04/07 09:27:52 [notice] 47#47: exiting
2025/04/07 09:27:52 [notice] 50#50: exiting
2025/04/07 09:27:52 [notice] 52#52: exiting
2025/04/07 09:27:52 [notice] 49#49: exiting
2025/04/07 09:27:52 [notice] 51#51: exiting
2025/04/07 09:27:52 [notice] 54#54: exiting
2025/04/07 09:27:52 [notice] 53#53: exiting
2025/04/07 09:27:52 [notice] 55#55: exiting
2025/04/07 09:27:52 [notice] 56#56: exiting
2025/04/07 09:27:52 [notice] 57#57: exiting
2025/04/07 09:27:52 [notice] 58#58: exiting
2025/04/07 09:27:52 [notice] 59#59: exiting
2025/04/07 09:27:52 [notice] 60#60: exiting
2025/04/07 09:27:52 [notice] 43#43: exit
2025/04/07 09:27:52 [notice] 31#31: exit
2025/04/07 09:27:52 [notice] 32#32: exit
2025/04/07 09:27:52 [notice] 30#30: exit
2025/04/07 09:27:52 [notice] 33#33: exit
2025/04/07 09:27:52 [notice] 34#34: exit
2025/04/07 09:27:52 [notice] 36#36: exit
2025/04/07 09:27:52 [notice] 37#37: exit
2025/04/07 09:27:52 [notice] 38#38: exit
2025/04/07 09:27:52 [notice] 40#40: exit
2025/04/07 09:27:52 [notice] 41#41: exit
2025/04/07 09:27:52 [notice] 42#42: exit
2025/04/07 09:27:52 [notice] 44#44: exit
2025/04/07 09:27:52 [notice] 45#45: exit
2025/04/07 09:27:52 [notice] 48#48: exit
2025/04/07 09:27:52 [notice] 47#47: exit
2025/04/07 09:27:52 [notice] 50#50: exit
2025/04/07 09:27:52 [notice] 52#52: exit
2025/04/07 09:27:52 [notice] 49#49: exit
2025/04/07 09:27:52 [notice] 51#51: exit
2025/04/07 09:27:52 [notice] 54#54: exit
2025/04/07 09:27:52 [notice] 53#53: exit
2025/04/07 09:27:52 [notice] 55#55: exit
2025/04/07 09:27:52 [notice] 56#56: exit
2025/04/07 09:27:52 [notice] 57#57: exit
2025/04/07 09:27:52 [notice] 58#58: exit
2025/04/07 09:27:52 [notice] 59#59: exit
2025/04/07 09:27:52 [notice] 60#60: exit
2025/04/07 09:27:52 [notice] 1#1: signal 17 (SIGCHLD) received from 34
2025/04/07 09:27:52 [notice] 1#1: worker process 30 exited with code 0
2025/04/07 09:27:52 [notice] 1#1: worker process 33 exited with code 0
2025/04/07 09:27:52 [notice] 1#1: worker process 34 exited with code 0
2025/04/07 09:27:52 [notice] 1#1: signal 29 (SIGIO) received
2025/04/07 09:27:52 [notice] 1#1: signal 17 (SIGCHLD) received from 33
2025/04/07 09:27:53 [notice] 1#1: signal 17 (SIGCHLD) received from 29
2025/04/07 09:27:53 [notice] 1#1: worker process 29 exited with code 0
2025/04/07 09:27:53 [notice] 1#1: worker process 31 exited with code 0
2025/04/07 09:27:53 [notice] 1#1: worker process 32 exited with code 0
2025/04/07 09:27:53 [notice] 1#1: worker process 35 exited with code 0
2025/04/07 09:27:53 [notice] 1#1: worker process 39 exited with code 0
2025/04/07 09:27:53 [notice] 1#1: worker process 40 exited with code 0
2025/04/07 09:27:53 [notice] 1#1: worker process 42 exited with code 0
2025/04/07 09:27:53 [notice] 1#1: worker process 43 exited with code 0
2025/04/07 09:27:53 [notice] 1#1: worker process 47 exited with code 0
2025/04/07 09:27:53 [notice] 1#1: worker process 50 exited with code 0
2025/04/07 09:27:53 [notice] 1#1: worker process 57 exited with code 0
2025/04/07 09:27:53 [notice] 1#1: signal 29 (SIGIO) received
2025/04/07 09:27:53 [notice] 1#1: signal 17 (SIGCHLD) received from 43
2025/04/07 09:27:53 [notice] 1#1: signal 17 (SIGCHLD) received from 44
2025/04/07 09:27:53 [notice] 1#1: worker process 38 exited with code 0
2025/04/07 09:27:53 [notice] 1#1: worker process 41 exited with code 0
2025/04/07 09:27:53 [notice] 1#1: worker process 44 exited with code 0
2025/04/07 09:27:53 [notice] 1#1: worker process 46 exited with code 0
2025/04/07 09:27:53 [notice] 1#1: worker process 48 exited with code 0
2025/04/07 09:27:53 [notice] 1#1: worker process 51 exited with code 0
2025/04/07 09:27:53 [notice] 1#1: worker process 54 exited with code 0
2025/04/07 09:27:53 [notice] 1#1: worker process 56 exited with code 0
2025/04/07 09:27:53 [notice] 1#1: worker process 58 exited with code 0
2025/04/07 09:27:53 [notice] 1#1: worker process 60 exited with code 0
2025/04/07 09:27:53 [notice] 1#1: signal 29 (SIGIO) received
2025/04/07 09:27:53 [notice] 1#1: signal 17 (SIGCHLD) received from 41
2025/04/07 09:27:53 [notice] 1#1: signal 17 (SIGCHLD) received from 52
2025/04/07 09:27:53 [notice] 1#1: worker process 36 exited with code 0
2025/04/07 09:27:53 [notice] 1#1: worker process 37 exited with code 0
2025/04/07 09:27:53 [notice] 1#1: worker process 45 exited with code 0
2025/04/07 09:27:53 [notice] 1#1: worker process 49 exited with code 0
2025/04/07 09:27:53 [notice] 1#1: worker process 52 exited with code 0
2025/04/07 09:27:53 [notice] 1#1: worker process 53 exited with code 0
2025/04/07 09:27:53 [notice] 1#1: worker process 55 exited with code 0
2025/04/07 09:27:53 [notice] 1#1: worker process 59 exited with code 0
2025/04/07 09:27:53 [notice] 1#1: exit
2025/04/09 01:15:30 [emerg] 1#1: host not found in upstream "gateway" in /etc/nginx/conf.d/default.conf:45
2025/04/09 01:15:36 [emerg] 1#1: host not found in upstream "gateway" in /etc/nginx/conf.d/default.conf:45
2025/04/09 01:15:43 [emerg] 1#1: host not found in upstream "gateway" in /etc/nginx/conf.d/default.conf:45
